1652880835989	geckodriver	INFO	Listening on 127.0.0.1:53116
1652880839034	mozrunner::runner	INFO	Running command: "C:\\Program Files\\Mozilla Firefox\\firefox.exe" "--marionette" "--remote-debugging-port" "53117" "--remote-allow-hosts" "localhost" "-no-remote" "-profile" "C:\\Users\\jovan\\AppData\\Local\\Temp\\rust_mozprofile7PptNC"
1652880839364	Marionette	INFO	Marionette enabled
console.warn: SearchSettings: "get: No settings file exists, new profile?" (new NotFoundError("Could not open the file at C:\\Users\\jovan\\AppData\\Local\\Temp\\rust_mozprofile7PptNC\\search.json.mozlz4", (void 0)))
DevTools listening on ws://localhost:53117/devtools/browser/b3c9ea89-edac-4b3c-84e0-f6b24148d015
1652880841398	Marionette	INFO	Listening on port 53137
Read port: 53137
1652880841472	RemoteAgent	WARN	TLS certificate errors will be ignored for this session
1652880843512	Marionette	INFO	Stopped listening on port 53137
JavaScript error: resource://gre/actors/ContentMetaChild.jsm, line 179: InvalidStateError: JSWindowActorChild.sendAsyncMessage: JSWindowActorChild cannot send at the moment

###!!! [Parent][PGPUParent] Error: RunMessage(msgname=PGPU::Msg_ShutdownVR) Channel closing: too late to send/recv, messages will be lost

[Parent 3008, IPC I/O Parent] WARNING: file /builds/worker/checkouts/gecko/ipc/chromium/src/base/process_util_win.cc:167
1652888445876	geckodriver	INFO	Listening on 127.0.0.1:53382
1652888448906	mozrunner::runner	INFO	Running command: "C:\\Program Files\\Mozilla Firefox\\firefox.exe" "--marionette" "--remote-debugging-port" "53383" "--remote-allow-hosts" "localhost" "-no-remote" "-profile" "C:\\Users\\jovan\\AppData\\Local\\Temp\\rust_mozprofilefCLKLw"
1652888449228	Marionette	INFO	Marionette enabled
console.warn: SearchSettings: "get: No settings file exists, new profile?" (new NotFoundError("Could not open the file at C:\\Users\\jovan\\AppData\\Local\\Temp\\rust_mozprofilefCLKLw\\search.json.mozlz4", (void 0)))
DevTools listening on ws://localhost:53383/devtools/browser/85bffd36-9c1a-450b-a328-61d009369bed
1652888451344	Marionette	INFO	Listening on port 53406
Read port: 53406
1652888451406	RemoteAgent	WARN	TLS certificate errors will be ignored for this session
1652888453555	Marionette	INFO	Stopped listening on port 53406
1652890220861	geckodriver	INFO	Listening on 127.0.0.1:53626
1652890223903	mozrunner::runner	INFO	Running command: "C:\\Program Files\\Mozilla Firefox\\firefox.exe" "--marionette" "--remote-debugging-port" "53627" "--remote-allow-hosts" "localhost" "-no-remote" "-profile" "C:\\Users\\jovan\\AppData\\Local\\Temp\\rust_mozprofile6TFwgU"
1652890224217	Marionette	INFO	Marionette enabled
console.warn: SearchSettings: "get: No settings file exists, new profile?" (new NotFoundError("Could not open the file at C:\\Users\\jovan\\AppData\\Local\\Temp\\rust_mozprofile6TFwgU\\search.json.mozlz4", (void 0)))
DevTools listening on ws://localhost:53627/devtools/browser/456f7d0f-972b-4bad-9e1b-b5fb35676c3f
1652890226366	Marionette	INFO	Listening on port 53648
Read port: 53648
1652890226409	RemoteAgent	WARN	TLS certificate errors will be ignored for this session
1652890228526	Marionette	INFO	Stopped listening on port 53648

###!!! [Parent][PGPUParent] Error: RunMessage(msgname=PGPU::Msg_ShutdownVR) Channel closing: too late to send/recv, messages will be lost

[Parent 13252, IPC I/O Parent] WARNING: file /builds/worker/checkouts/gecko/ipc/chromium/src/base/process_util_win.cc:167
1652890291154	geckodriver	INFO	Listening on 127.0.0.1:53691
1652890294205	mozrunner::runner	INFO	Running command: "C:\\Program Files\\Mozilla Firefox\\firefox.exe" "--marionette" "--remote-debugging-port" "53692" "--remote-allow-hosts" "localhost" "-no-remote" "-profile" "C:\\Users\\jovan\\AppData\\Local\\Temp\\rust_mozprofilekhWmk8"
1652890294514	Marionette	INFO	Marionette enabled
console.warn: SearchSettings: "get: No settings file exists, new profile?" (new NotFoundError("Could not open the file at C:\\Users\\jovan\\AppData\\Local\\Temp\\rust_mozprofilekhWmk8\\search.json.mozlz4", (void 0)))
DevTools listening on ws://localhost:53692/devtools/browser/2c3ca425-df8d-4912-b867-2a52b6fc3b85
1652890296588	Marionette	INFO	Listening on port 53714
Read port: 53714
1652890296642	RemoteAgent	WARN	TLS certificate errors will be ignored for this session
1652890298792	Marionette	INFO	Stopped listening on port 53714

###!!! [Parent][PGPUParent] Error: RunMessage(msgname=PGPU::Msg_ShutdownVR) Channel closing: too late to send/recv, messages will be lost

[Parent 13640, IPC I/O Parent] WARNING: file /builds/worker/checkouts/gecko/ipc/chromium/src/base/process_util_win.cc:167
1652890419154	geckodriver	INFO	Listening on 127.0.0.1:53770
1652890422195	mozrunner::runner	INFO	Running command: "C:\\Program Files\\Mozilla Firefox\\firefox.exe" "--marionette" "--remote-debugging-port" "53771" "--remote-allow-hosts" "localhost" "-no-remote" "-profile" "C:\\Users\\jovan\\AppData\\Local\\Temp\\rust_mozprofilexGBxUi"
1652890422506	Marionette	INFO	Marionette enabled
console.warn: SearchSettings: "get: No settings file exists, new profile?" (new NotFoundError("Could not open the file at C:\\Users\\jovan\\AppData\\Local\\Temp\\rust_mozprofilexGBxUi\\search.json.mozlz4", (void 0)))
DevTools listening on ws://localhost:53771/devtools/browser/cf85b474-6d1b-4469-948e-a58ace847b58
1652890424651	Marionette	INFO	Listening on port 53794
Read port: 53794
1652890424763	RemoteAgent	WARN	TLS certificate errors will be ignored for this session
1652890426790	Marionette	INFO	Stopped listening on port 53794

###!!! [Parent][PGPUParent] Error: RunMessage(msgname=PGPU::Msg_ShutdownVR) Channel closing: too late to send/recv, messages will be lost

[Parent 14192, IPC I/O Parent] WARNING: file /builds/worker/checkouts/gecko/ipc/chromium/src/base/process_util_win.cc:167
1652890439617	geckodriver	INFO	Listening on 127.0.0.1:53832
1652890442645	mozrunner::runner	INFO	Running command: "C:\\Program Files\\Mozilla Firefox\\firefox.exe" "--marionette" "--remote-debugging-port" "53833" "--remote-allow-hosts" "localhost" "-no-remote" "-profile" "C:\\Users\\jovan\\AppData\\Local\\Temp\\rust_mozprofileoH2xYW"
1652890442968	Marionette	INFO	Marionette enabled
console.warn: SearchSettings: "get: No settings file exists, new profile?" (new NotFoundError("Could not open the file at C:\\Users\\jovan\\AppData\\Local\\Temp\\rust_mozprofileoH2xYW\\search.json.mozlz4", (void 0)))
DevTools listening on ws://localhost:53833/devtools/browser/23165652-d258-45ae-9fcc-649d939cbb70
1652890444901	Marionette	INFO	Listening on port 53852
Read port: 53852
1652890444991	RemoteAgent	WARN	TLS certificate errors will be ignored for this session
1652890446142	Marionette	INFO	Stopped listening on port 53852

###!!! [Parent][PGPUParent] Error: RunMessage(msgname=PGPU::Msg_ShutdownVR) Channel closing: too late to send/recv, messages will be lost

[Parent 4288, IPC I/O Parent] WARNING: file /builds/worker/checkouts/gecko/ipc/chromium/src/base/process_util_win.cc:167
1652890497838	geckodriver	INFO	Listening on 127.0.0.1:53891
1652890500889	mozrunner::runner	INFO	Running command: "C:\\Program Files\\Mozilla Firefox\\firefox.exe" "--marionette" "--remote-debugging-port" "53892" "--remote-allow-hosts" "localhost" "-no-remote" "-profile" "C:\\Users\\jovan\\AppData\\Local\\Temp\\rust_mozprofileQECrJ2"
1652890501202	Marionette	INFO	Marionette enabled
console.warn: SearchSettings: "get: No settings file exists, new profile?" (new NotFoundError("Could not open the file at C:\\Users\\jovan\\AppData\\Local\\Temp\\rust_mozprofileQECrJ2\\search.json.mozlz4", (void 0)))
DevTools listening on ws://localhost:53892/devtools/browser/0751aca2-a452-4a91-a1e3-044ea3458817
1652890503245	Marionette	INFO	Listening on port 53911
Read port: 53911
1652890503330	RemoteAgent	WARN	TLS certificate errors will be ignored for this session
1652890505305	Marionette	INFO	Stopped listening on port 53911

###!!! [Parent][PGPUParent] Error: RunMessage(msgname=PGPU::Msg_ShutdownVR) Channel closing: too late to send/recv, messages will be lost

[Parent 1388, IPC I/O Parent] WARNING: file /builds/worker/checkouts/gecko/ipc/chromium/src/base/process_util_win.cc:167
1652890547313	geckodriver	INFO	Listening on 127.0.0.1:53958
1652890550385	mozrunner::runner	INFO	Running command: "C:\\Program Files\\Mozilla Firefox\\firefox.exe" "--marionette" "--remote-debugging-port" "53959" "--remote-allow-hosts" "localhost" "-no-remote" "-profile" "C:\\Users\\jovan\\AppData\\Local\\Temp\\rust_mozprofilejfHopD"
1652890550697	Marionette	INFO	Marionette enabled
console.warn: SearchSettings: "get: No settings file exists, new profile?" (new NotFoundError("Could not open the file at C:\\Users\\jovan\\AppData\\Local\\Temp\\rust_mozprofilejfHopD\\search.json.mozlz4", (void 0)))
DevTools listening on ws://localhost:53959/devtools/browser/b74f1f9a-7909-408d-b46e-728f5f3de7ae
1652890552715	Marionette	INFO	Listening on port 53979
Read port: 53979
1652890552838	RemoteAgent	WARN	TLS certificate errors will be ignored for this session
1652890555045	Marionette	INFO	Stopped listening on port 53979

###!!! [Parent][PGPUParent] Error: RunMessage(msgname=PGPU::Msg_ShutdownVR) Channel closing: too late to send/recv, messages will be lost

[Parent 4720, IPC I/O Parent] WARNING: file /builds/worker/checkouts/gecko/ipc/chromium/src/base/process_util_win.cc:167
1652891233081	geckodriver	INFO	Listening on 127.0.0.1:54107
1652891236122	mozrunner::runner	INFO	Running command: "C:\\Program Files\\Mozilla Firefox\\firefox.exe" "--marionette" "--remote-debugging-port" "54108" "--remote-allow-hosts" "localhost" "-no-remote" "-profile" "C:\\Users\\jovan\\AppData\\Local\\Temp\\rust_mozprofilelcIIFO"
1652891236429	Marionette	INFO	Marionette enabled
console.warn: SearchSettings: "get: No settings file exists, new profile?" (new NotFoundError("Could not open the file at C:\\Users\\jovan\\AppData\\Local\\Temp\\rust_mozprofilelcIIFO\\search.json.mozlz4", (void 0)))
DevTools listening on ws://localhost:54108/devtools/browser/fc63a9cf-f094-4319-be53-0c6032942eb4
1652891238571	Marionette	INFO	Listening on port 54131
Read port: 54131
1652891238706	RemoteAgent	WARN	TLS certificate errors will be ignored for this session
1652891240762	Marionette	INFO	Stopped listening on port 54131

###!!! [Parent][PGPUParent] Error: RunMessage(msgname=PGPU::Msg_ShutdownVR) Channel closing: too late to send/recv, messages will be lost

[Parent 10352, IPC I/O Parent] WARNING: file /builds/worker/checkouts/gecko/ipc/chromium/src/base/process_util_win.cc:167
1652891270889	geckodriver	INFO	Listening on 127.0.0.1:54175
1652891273931	mozrunner::runner	INFO	Running command: "C:\\Program Files\\Mozilla Firefox\\firefox.exe" "--marionette" "--remote-debugging-port" "54176" "--remote-allow-hosts" "localhost" "-no-remote" "-profile" "C:\\Users\\jovan\\AppData\\Local\\Temp\\rust_mozprofileHmQtpS"
1652891274237	Marionette	INFO	Marionette enabled
console.warn: SearchSettings: "get: No settings file exists, new profile?" (new NotFoundError("Could not open the file at C:\\Users\\jovan\\AppData\\Local\\Temp\\rust_mozprofileHmQtpS\\search.json.mozlz4", (void 0)))
DevTools listening on ws://localhost:54176/devtools/browser/b3aee7fe-9d3c-4132-8f53-41c7ddfa3527
1652891276353	Marionette	INFO	Listening on port 54200
Read port: 54200
1652891276468	RemoteAgent	WARN	TLS certificate errors will be ignored for this session
1652891278385	Marionette	INFO	Stopped listening on port 54200

###!!! [Parent][PGPUParent] Error: RunMessage(msgname=PGPU::Msg_ShutdownVR) Channel closing: too late to send/recv, messages will be lost

[Parent 6216, IPC I/O Parent] WARNING: file /builds/worker/checkouts/gecko/ipc/chromium/src/base/process_util_win.cc:167
1652891517699	geckodriver	INFO	Listening on 127.0.0.1:54256
1652891520739	mozrunner::runner	INFO	Running command: "C:\\Program Files\\Mozilla Firefox\\firefox.exe" "--marionette" "--remote-debugging-port" "54257" "--remote-allow-hosts" "localhost" "-no-remote" "-profile" "C:\\Users\\jovan\\AppData\\Local\\Temp\\rust_mozprofilej7nR3s"
1652891521053	Marionette	INFO	Marionette enabled
console.warn: SearchSettings: "get: No settings file exists, new profile?" (new NotFoundError("Could not open the file at C:\\Users\\jovan\\AppData\\Local\\Temp\\rust_mozprofilej7nR3s\\search.json.mozlz4", (void 0)))
DevTools listening on ws://localhost:54257/devtools/browser/ddbc3805-8ed2-4f3f-be7b-000c248706e1
1652891523052	Marionette	INFO	Listening on port 54278
Read port: 54278
1652891523123	RemoteAgent	WARN	TLS certificate errors will be ignored for this session
1652891525586	Marionette	INFO	Stopped listening on port 54278

###!!! [Parent][PGPUParent] Error: RunMessage(msgname=PGPU::Msg_ShutdownVR) Channel closing: too late to send/recv, messages will be lost

[Parent 12484, IPC I/O Parent] WARNING: file /builds/worker/checkouts/gecko/ipc/chromium/src/base/process_util_win.cc:167
1652891589851	geckodriver	INFO	Listening on 127.0.0.1:54323
1652891592916	mozrunner::runner	INFO	Running command: "C:\\Program Files\\Mozilla Firefox\\firefox.exe" "--marionette" "--remote-debugging-port" "54324" "--remote-allow-hosts" "localhost" "-no-remote" "-profile" "C:\\Users\\jovan\\AppData\\Local\\Temp\\rust_mozprofileYBjaLS"
1652891593247	Marionette	INFO	Marionette enabled
console.warn: SearchSettings: "get: No settings file exists, new profile?" (new NotFoundError("Could not open the file at C:\\Users\\jovan\\AppData\\Local\\Temp\\rust_mozprofileYBjaLS\\search.json.mozlz4", (void 0)))
DevTools listening on ws://localhost:54324/devtools/browser/cddd50dc-2970-4e15-9986-6ded6e97e429
1652891595424	Marionette	INFO	Listening on port 54347
Read port: 54347
1652891595552	RemoteAgent	WARN	TLS certificate errors will be ignored for this session
1652891597569	Marionette	INFO	Stopped listening on port 54347
1652891651614	geckodriver	INFO	Listening on 127.0.0.1:54388
1652891654662	mozrunner::runner	INFO	Running command: "C:\\Program Files\\Mozilla Firefox\\firefox.exe" "--marionette" "--remote-debugging-port" "54389" "--remote-allow-hosts" "localhost" "-no-remote" "-profile" "C:\\Users\\jovan\\AppData\\Local\\Temp\\rust_mozprofilepIBl9R"
1652891654974	Marionette	INFO	Marionette enabled
console.warn: SearchSettings: "get: No settings file exists, new profile?" (new NotFoundError("Could not open the file at C:\\Users\\jovan\\AppData\\Local\\Temp\\rust_mozprofilepIBl9R\\search.json.mozlz4", (void 0)))
DevTools listening on ws://localhost:54389/devtools/browser/242bff19-918d-4211-96f6-e1ee6dc3d483
1652891657003	Marionette	INFO	Listening on port 54411
Read port: 54411
1652891657098	RemoteAgent	WARN	TLS certificate errors will be ignored for this session
1652891659049	Marionette	INFO	Stopped listening on port 54411

###!!! [Parent][PGPUParent] Error: RunMessage(msgname=PGPU::Msg_ShutdownVR) Channel closing: too late to send/recv, messages will be lost

[Parent 2848, IPC I/O Parent] WARNING: file /builds/worker/checkouts/gecko/ipc/chromium/src/base/process_util_win.cc:167
1652891691045	geckodriver	INFO	Listening on 127.0.0.1:54452
1652891694106	mozrunner::runner	INFO	Running command: "C:\\Program Files\\Mozilla Firefox\\firefox.exe" "--marionette" "--remote-debugging-port" "54453" "--remote-allow-hosts" "localhost" "-no-remote" "-profile" "C:\\Users\\jovan\\AppData\\Local\\Temp\\rust_mozprofile2uex6G"
1652891694422	Marionette	INFO	Marionette enabled
console.warn: SearchSettings: "get: No settings file exists, new profile?" (new NotFoundError("Could not open the file at C:\\Users\\jovan\\AppData\\Local\\Temp\\rust_mozprofile2uex6G\\search.json.mozlz4", (void 0)))
DevTools listening on ws://localhost:54453/devtools/browser/5e397df2-d395-44e9-8327-0af5ec787374
1652891696400	Marionette	INFO	Listening on port 54477
Read port: 54477
1652891696474	RemoteAgent	WARN	TLS certificate errors will be ignored for this session
1652891698475	Marionette	INFO	Stopped listening on port 54477
JavaScript error: resource://gre/actors/ContentMetaChild.jsm, line 179: InvalidStateError: JSWindowActorChild.sendAsyncMessage: JSWindowActorChild cannot send at the moment

###!!! [Parent][PGPUParent] Error: RunMessage(msgname=PGPU::Msg_ShutdownVR) Channel closing: too late to send/recv, messages will be lost

[Parent 1296, IPC I/O Parent] WARNING: file /builds/worker/checkouts/gecko/ipc/chromium/src/base/process_util_win.cc:167
1652891755149	geckodriver	INFO	Listening on 127.0.0.1:54517
1652891758200	mozrunner::runner	INFO	Running command: "C:\\Program Files\\Mozilla Firefox\\firefox.exe" "--marionette" "--remote-debugging-port" "54518" "--remote-allow-hosts" "localhost" "-no-remote" "-profile" "C:\\Users\\jovan\\AppData\\Local\\Temp\\rust_mozprofile4E7I3g"
1652891758515	Marionette	INFO	Marionette enabled
console.warn: SearchSettings: "get: No settings file exists, new profile?" (new NotFoundError("Could not open the file at C:\\Users\\jovan\\AppData\\Local\\Temp\\rust_mozprofile4E7I3g\\search.json.mozlz4", (void 0)))
DevTools listening on ws://localhost:54518/devtools/browser/f72066d0-1a80-4754-ae39-f982e32b938c
1652891760743	Marionette	INFO	Listening on port 54541
Read port: 54541
1652891760864	RemoteAgent	WARN	TLS certificate errors will be ignored for this session
1652891762819	Marionette	INFO	Stopped listening on port 54541
JavaScript error: resource://gre/actors/ContentMetaChild.jsm, line 179: InvalidStateError: JSWindowActorChild.sendAsyncMessage: JSWindowActorChild cannot send at the moment

###!!! [Parent][PGPUParent] Error: RunMessage(msgname=PGPU::Msg_ShutdownVR) Channel closing: too late to send/recv, messages will be lost

[Parent 9044, IPC I/O Parent] WARNING: file /builds/worker/checkouts/gecko/ipc/chromium/src/base/process_util_win.cc:167
1652891871190	geckodriver	INFO	Listening on 127.0.0.1:54585
1652891874247	mozrunner::runner	INFO	Running command: "C:\\Program Files\\Mozilla Firefox\\firefox.exe" "--marionette" "--remote-debugging-port" "54586" "--remote-allow-hosts" "localhost" "-no-remote" "-profile" "C:\\Users\\jovan\\AppData\\Local\\Temp\\rust_mozprofileuKU1JQ"
1652891874617	Marionette	INFO	Marionette enabled
console.warn: SearchSettings: "get: No settings file exists, new profile?" (new NotFoundError("Could not open the file at C:\\Users\\jovan\\AppData\\Local\\Temp\\rust_mozprofileuKU1JQ\\search.json.mozlz4", (void 0)))
DevTools listening on ws://localhost:54586/devtools/browser/f4334fb0-f1c2-4b4d-ac0c-8675e3dbf0d3
1652891877200	Marionette	INFO	Listening on port 54621
Read port: 54621
1652891877325	RemoteAgent	WARN	TLS certificate errors will be ignored for this session
1652891879356	Marionette	INFO	Stopped listening on port 54621

###!!! [Parent][PGPUParent] Error: RunMessage(msgname=PGPU::Msg_ShutdownVR) Channel closing: too late to send/recv, messages will be lost

[Parent 7304, IPC I/O Parent] WARNING: file /builds/worker/checkouts/gecko/ipc/chromium/src/base/process_util_win.cc:167
1652893513815	geckodriver	INFO	Listening on 127.0.0.1:54809
1652893516888	mozrunner::runner	INFO	Running command: "C:\\Program Files\\Mozilla Firefox\\firefox.exe" "--marionette" "--remote-debugging-port" "54810" "--remote-allow-hosts" "localhost" "-no-remote" "-profile" "C:\\Users\\jovan\\AppData\\Local\\Temp\\rust_mozprofileWbzf4N"
1652893517200	Marionette	INFO	Marionette enabled
console.warn: SearchSettings: "get: No settings file exists, new profile?" (new NotFoundError("Could not open the file at C:\\Users\\jovan\\AppData\\Local\\Temp\\rust_mozprofileWbzf4N\\search.json.mozlz4", (void 0)))
DevTools listening on ws://localhost:54810/devtools/browser/6c981c46-96e6-4c6e-bca0-a921fb06cc95
1652893519456	Marionette	INFO	Listening on port 54832
Read port: 54832
1652893519491	RemoteAgent	WARN	TLS certificate errors will be ignored for this session
1652893522464	Marionette	INFO	Stopped listening on port 54832
[Parent 1824, IPC I/O Parent] WARNING: file /builds/worker/checkouts/gecko/ipc/chromium/src/base/process_util_win.cc:167

###!!! [Parent][PGPUParent] Error: RunMessage(msgname=PGPU::Msg_ShutdownVR) Channel closing: too late to send/recv, messages will be lost

[Parent 1824, IPC I/O Parent] WARNING: file /builds/worker/checkouts/gecko/ipc/chromium/src/base/process_util_win.cc:167
1652893658310	geckodriver	INFO	Listening on 127.0.0.1:54876
1652893661370	mozrunner::runner	INFO	Running command: "C:\\Program Files\\Mozilla Firefox\\firefox.exe" "--marionette" "--remote-debugging-port" "54877" "--remote-allow-hosts" "localhost" "-no-remote" "-profile" "C:\\Users\\jovan\\AppData\\Local\\Temp\\rust_mozprofileqjgfMQ"
1652893661679	Marionette	INFO	Marionette enabled
console.warn: SearchSettings: "get: No settings file exists, new profile?" (new NotFoundError("Could not open the file at C:\\Users\\jovan\\AppData\\Local\\Temp\\rust_mozprofileqjgfMQ\\search.json.mozlz4", (void 0)))
DevTools listening on ws://localhost:54877/devtools/browser/0c3204aa-ce44-471f-a000-1408b14416a4
1652893663603	Marionette	INFO	Listening on port 54897
Read port: 54897
1652893663721	RemoteAgent	WARN	TLS certificate errors will be ignored for this session
1652893666278	Marionette	INFO	Stopped listening on port 54897

###!!! [Parent][PGPUParent] Error: RunMessage(msgname=PGPU::Msg_ShutdownVR) Channel closing: too late to send/recv, messages will be lost

1652893727108	geckodriver	INFO	Listening on 127.0.0.1:54949
1652893730190	mozrunner::runner	INFO	Running command: "C:\\Program Files\\Mozilla Firefox\\firefox.exe" "--marionette" "--remote-debugging-port" "54950" "--remote-allow-hosts" "localhost" "-no-remote" "-profile" "C:\\Users\\jovan\\AppData\\Local\\Temp\\rust_mozprofileqhmNC6"
1652893730499	Marionette	INFO	Marionette enabled
console.warn: SearchSettings: "get: No settings file exists, new profile?" (new NotFoundError("Could not open the file at C:\\Users\\jovan\\AppData\\Local\\Temp\\rust_mozprofileqhmNC6\\search.json.mozlz4", (void 0)))
DevTools listening on ws://localhost:54950/devtools/browser/012546c4-f25e-4b17-8636-7bcbd4013b68
1652893732656	Marionette	INFO	Listening on port 54971
Read port: 54971
1652893732757	RemoteAgent	WARN	TLS certificate errors will be ignored for this session
1652893734900	Marionette	INFO	Stopped listening on port 54971

###!!! [Parent][PGPUParent] Error: RunMessage(msgname=PGPU::Msg_ShutdownVR) Channel closing: too late to send/recv, messages will be lost

1652893838261	geckodriver	INFO	Listening on 127.0.0.1:55020
1652893841328	mozrunner::runner	INFO	Running command: "C:\\Program Files\\Mozilla Firefox\\firefox.exe" "--marionette" "--remote-debugging-port" "55021" "--remote-allow-hosts" "localhost" "-no-remote" "-profile" "C:\\Users\\jovan\\AppData\\Local\\Temp\\rust_mozprofiley7TBcD"
1652893841649	Marionette	INFO	Marionette enabled
console.warn: SearchSettings: "get: No settings file exists, new profile?" (new NotFoundError("Could not open the file at C:\\Users\\jovan\\AppData\\Local\\Temp\\rust_mozprofiley7TBcD\\search.json.mozlz4", (void 0)))
DevTools listening on ws://localhost:55021/devtools/browser/78d7d981-7642-4958-8b9e-53b43dbd966e
1652893843975	Marionette	INFO	Listening on port 55043
Read port: 55043
1652893844062	RemoteAgent	WARN	TLS certificate errors will be ignored for this session
1652893846209	Marionette	INFO	Stopped listening on port 55043

###!!! [Parent][PGPUParent] Error: RunMessage(msgname=PGPU::Msg_ShutdownVR) Channel closing: too late to send/recv, messages will be lost

1652893998674	geckodriver	INFO	Listening on 127.0.0.1:55155
1652894001764	mozrunner::runner	INFO	Running command: "C:\\Program Files\\Mozilla Firefox\\firefox.exe" "--marionette" "--remote-debugging-port" "55156" "--remote-allow-hosts" "localhost" "-no-remote" "-profile" "C:\\Users\\jovan\\AppData\\Local\\Temp\\rust_mozprofileFaWT0F"
1652894002157	Marionette	INFO	Marionette enabled
console.warn: SearchSettings: "get: No settings file exists, new profile?" (new NotFoundError("Could not open the file at C:\\Users\\jovan\\AppData\\Local\\Temp\\rust_mozprofileFaWT0F\\search.json.mozlz4", (void 0)))
DevTools listening on ws://localhost:55156/devtools/browser/26daf78f-9571-4b8c-a922-56773d6460df
1652894004368	Marionette	INFO	Listening on port 55177
Read port: 55177
1652894004417	RemoteAgent	WARN	TLS certificate errors will be ignored for this session
1652894006360	Marionette	INFO	Stopped listening on port 55177

###!!! [Parent][PGPUParent] Error: RunMessage(msgname=PGPU::Msg_ShutdownVR) Channel closing: too late to send/recv, messages will be lost

[Parent 9364, IPC I/O Parent] WARNING: file /builds/worker/checkouts/gecko/ipc/chromium/src/base/process_util_win.cc:167
1652902758992	geckodriver	INFO	Listening on 127.0.0.1:55451
1652902762047	mozrunner::runner	INFO	Running command: "C:\\Program Files\\Mozilla Firefox\\firefox.exe" "--marionette" "--remote-debugging-port" "55452" "--remote-allow-hosts" "localhost" "-no-remote" "-profile" "C:\\Users\\jovan\\AppData\\Local\\Temp\\rust_mozprofileyBR2K0"
1652902762448	Marionette	INFO	Marionette enabled
console.warn: SearchSettings: "get: No settings file exists, new profile?" (new NotFoundError("Could not open the file at C:\\Users\\jovan\\AppData\\Local\\Temp\\rust_mozprofileyBR2K0\\search.json.mozlz4", (void 0)))
DevTools listening on ws://localhost:55452/devtools/browser/b3047bdf-0acd-4cb5-8689-3a99e1214820
1652902764750	Marionette	INFO	Listening on port 55474
Read port: 55474
1652902764806	RemoteAgent	WARN	TLS certificate errors will be ignored for this session
1652902765908	Marionette	INFO	Stopped listening on port 55474
[Parent 6016, IPC I/O Parent] WARNING: file /builds/worker/checkouts/gecko/ipc/chromium/src/base/process_util_win.cc:167
1652902840705	geckodriver	INFO	Listening on 127.0.0.1:55502
1652902843765	mozrunner::runner	INFO	Running command: "C:\\Program Files\\Mozilla Firefox\\firefox.exe" "--marionette" "--remote-debugging-port" "55503" "--remote-allow-hosts" "localhost" "-no-remote" "-profile" "C:\\Users\\jovan\\AppData\\Local\\Temp\\rust_mozprofileOvOPh7"
1652902844073	Marionette	INFO	Marionette enabled
console.warn: SearchSettings: "get: No settings file exists, new profile?" (new NotFoundError("Could not open the file at C:\\Users\\jovan\\AppData\\Local\\Temp\\rust_mozprofileOvOPh7\\search.json.mozlz4", (void 0)))
DevTools listening on ws://localhost:55503/devtools/browser/fc406fbc-6a6f-467b-b896-7cc1a08e4618
1652902846197	Marionette	INFO	Listening on port 55524
Read port: 55524
1652902846273	RemoteAgent	WARN	TLS certificate errors will be ignored for this session
1652902848423	Marionette	INFO	Stopped listening on port 55524

###!!! [Parent][PGPUParent] Error: RunMessage(msgname=PGPU::Msg_ShutdownVR) Channel closing: too late to send/recv, messages will be lost

[Parent 636, IPC I/O Parent] WARNING: file /builds/worker/checkouts/gecko/ipc/chromium/src/base/process_util_win.cc:167
1652902947066	geckodriver	INFO	Listening on 127.0.0.1:55563
1652902950116	mozrunner::runner	INFO	Running command: "C:\\Program Files\\Mozilla Firefox\\firefox.exe" "--marionette" "--remote-debugging-port" "55564" "--remote-allow-hosts" "localhost" "-no-remote" "-profile" "C:\\Users\\jovan\\AppData\\Local\\Temp\\rust_mozprofileOw7eO2"
1652902950429	Marionette	INFO	Marionette enabled
console.warn: SearchSettings: "get: No settings file exists, new profile?" (new NotFoundError("Could not open the file at C:\\Users\\jovan\\AppData\\Local\\Temp\\rust_mozprofileOw7eO2\\search.json.mozlz4", (void 0)))
DevTools listening on ws://localhost:55564/devtools/browser/abcd3b0f-5485-436a-80ef-efaa42f12f67
1652902952645	Marionette	INFO	Listening on port 55586
Read port: 55586
1652902952777	RemoteAgent	WARN	TLS certificate errors will be ignored for this session
1652902961873	Marionette	INFO	Stopped listening on port 55586
console.warn: TopSitesFeed: Failed to fetch data from Contile server: NetworkError when attempting to fetch resource.
JavaScript error: chrome://remote/content/marionette/cert.js, line 55: NS_ERROR_NOT_AVAILABLE: Component returned failure code: 0x80040111 (NS_ERROR_NOT_AVAILABLE) [nsICertOverrideService.setDisableAllSecurityChecksAndLetAttackersInterceptMyData]
1652903433787	geckodriver	INFO	Listening on 127.0.0.1:55666
1652903436854	mozrunner::runner	INFO	Running command: "C:\\Program Files\\Mozilla Firefox\\firefox.exe" "--marionette" "--remote-debugging-port" "55667" "--remote-allow-hosts" "localhost" "-no-remote" "-profile" "C:\\Users\\jovan\\AppData\\Local\\Temp\\rust_mozprofileooFkAJ"
1652903437253	Marionette	INFO	Marionette enabled
console.warn: SearchSettings: "get: No settings file exists, new profile?" (new NotFoundError("Could not open the file at C:\\Users\\jovan\\AppData\\Local\\Temp\\rust_mozprofileooFkAJ\\search.json.mozlz4", (void 0)))
DevTools listening on ws://localhost:55667/devtools/browser/9515a6e7-e667-49e6-a139-2e3f7b4bac9a
1652903439490	Marionette	INFO	Listening on port 55690
Read port: 55690
1652903439597	RemoteAgent	WARN	TLS certificate errors will be ignored for this session
1652903440764	Marionette	INFO	Stopped listening on port 55690

###!!! [Parent][PGPUParent] Error: RunMessage(msgname=PGPU::Msg_ShutdownVR) Channel closing: too late to send/recv, messages will be lost

[Parent 14188, IPC I/O Parent] WARNING: file /builds/worker/checkouts/gecko/ipc/chromium/src/base/process_util_win.cc:167
1652904054599	geckodriver	INFO	Listening on 127.0.0.1:55785
1652904057635	mozrunner::runner	INFO	Running command: "C:\\Program Files\\Mozilla Firefox\\firefox.exe" "--marionette" "--remote-debugging-port" "55786" "--remote-allow-hosts" "localhost" "-no-remote" "-profile" "C:\\Users\\jovan\\AppData\\Local\\Temp\\rust_mozprofilexdVoBo"
1652904057943	Marionette	INFO	Marionette enabled
console.warn: SearchSettings: "get: No settings file exists, new profile?" (new NotFoundError("Could not open the file at C:\\Users\\jovan\\AppData\\Local\\Temp\\rust_mozprofilexdVoBo\\search.json.mozlz4", (void 0)))
DevTools listening on ws://localhost:55786/devtools/browser/7cfa4001-a5da-4222-91ba-6a0b5eeb84bb
1652904060121	Marionette	INFO	Listening on port 55807
Read port: 55807
1652904060164	RemoteAgent	WARN	TLS certificate errors will be ignored for this session
1652904064084	Marionette	INFO	Stopped listening on port 55807
[Parent 11348, IPC I/O Parent] WARNING: file /builds/worker/checkouts/gecko/ipc/chromium/src/base/process_util_win.cc:167
1652904064984	geckodriver	INFO	Listening on 127.0.0.1:55842
1652904068022	mozrunner::runner	INFO	Running command: "C:\\Program Files\\Mozilla Firefox\\firefox.exe" "--marionette" "--remote-debugging-port" "55843" "--remote-allow-hosts" "localhost" "-no-remote" "-profile" "C:\\Users\\jovan\\AppData\\Local\\Temp\\rust_mozprofileco2jV0"
1652904068319	Marionette	INFO	Marionette enabled
console.warn: SearchSettings: "get: No settings file exists, new profile?" (new NotFoundError("Could not open the file at C:\\Users\\jovan\\AppData\\Local\\Temp\\rust_mozprofileco2jV0\\search.json.mozlz4", (void 0)))
DevTools listening on ws://localhost:55843/devtools/browser/fe038194-2aba-4d24-8e7a-5abc15f14b3a
1652904070432	Marionette	INFO	Listening on port 55864
Read port: 55864
1652904070548	RemoteAgent	WARN	TLS certificate errors will be ignored for this session
1652904073329	Marionette	INFO	Stopped listening on port 55864
1652904074217	geckodriver	INFO	Listening on 127.0.0.1:55900
1652904077262	mozrunner::runner	INFO	Running command: "C:\\Program Files\\Mozilla Firefox\\firefox.exe" "--marionette" "--remote-debugging-port" "55901" "--remote-allow-hosts" "localhost" "-no-remote" "-profile" "C:\\Users\\jovan\\AppData\\Local\\Temp\\rust_mozprofileZvgGeN"
1652904077555	Marionette	INFO	Marionette enabled
console.warn: SearchSettings: "get: No settings file exists, new profile?" (new NotFoundError("Could not open the file at C:\\Users\\jovan\\AppData\\Local\\Temp\\rust_mozprofileZvgGeN\\search.json.mozlz4", (void 0)))
DevTools listening on ws://localhost:55901/devtools/browser/c841cf24-59ad-439e-9ed2-7599fedf87c5
1652904079702	Marionette	INFO	Listening on port 55923
Read port: 55923
1652904079830	RemoteAgent	WARN	TLS certificate errors will be ignored for this session
1652904080852	Marionette	INFO	Stopped listening on port 55923

###!!! [Parent][PGPUParent] Error: RunMessage(msgname=PGPU::Msg_ShutdownVR) Channel closing: too late to send/recv, messages will be lost

[Parent 14008, IPC I/O Parent] WARNING: file /builds/worker/checkouts/gecko/ipc/chromium/src/base/process_util_win.cc:167
1652904113333	geckodriver	INFO	Listening on 127.0.0.1:55949
1652904116389	mozrunner::runner	INFO	Running command: "C:\\Program Files\\Mozilla Firefox\\firefox.exe" "--marionette" "--remote-debugging-port" "55950" "--remote-allow-hosts" "localhost" "-no-remote" "-profile" "C:\\Users\\jovan\\AppData\\Local\\Temp\\rust_mozprofileWdYs7t"
1652904116697	Marionette	INFO	Marionette enabled
console.warn: SearchSettings: "get: No settings file exists, new profile?" (new NotFoundError("Could not open the file at C:\\Users\\jovan\\AppData\\Local\\Temp\\rust_mozprofileWdYs7t\\search.json.mozlz4", (void 0)))
DevTools listening on ws://localhost:55950/devtools/browser/2e63a824-e2d3-49a3-8567-fdfeae827c65
1652904118814	Marionette	INFO	Listening on port 55973
Read port: 55973
1652904118869	RemoteAgent	WARN	TLS certificate errors will be ignored for this session
1652904123625	Marionette	INFO	Stopped listening on port 55973

###!!! [Parent][PGPUParent] Error: RunMessage(msgname=PGPU::Msg_ShutdownVR) Channel closing: too late to send/recv, messages will be lost

[Parent 11464, IPC I/O Parent] WARNING: file /builds/worker/checkouts/gecko/ipc/chromium/src/base/process_util_win.cc:167
1652904124567	geckodriver	INFO	Listening on 127.0.0.1:56007
1652904127613	mozrunner::runner	INFO	Running command: "C:\\Program Files\\Mozilla Firefox\\firefox.exe" "--marionette" "--remote-debugging-port" "56008" "--remote-allow-hosts" "localhost" "-no-remote" "-profile" "C:\\Users\\jovan\\AppData\\Local\\Temp\\rust_mozprofile63nhkO"
1652904127921	Marionette	INFO	Marionette enabled
console.warn: SearchSettings: "get: No settings file exists, new profile?" (new NotFoundError("Could not open the file at C:\\Users\\jovan\\AppData\\Local\\Temp\\rust_mozprofile63nhkO\\search.json.mozlz4", (void 0)))
DevTools listening on ws://localhost:56008/devtools/browser/9e219223-2dd1-4921-9cf8-f3d8a6302740
1652904130001	Marionette	INFO	Listening on port 56028
Read port: 56028
1652904130058	RemoteAgent	WARN	TLS certificate errors will be ignored for this session
1652904132135	Marionette	INFO	Stopped listening on port 56028

###!!! [Parent][PGPUParent] Error: RunMessage(msgname=PGPU::Msg_ShutdownVR) Channel closing: too late to send/recv, messages will be lost

1652904472064	geckodriver	INFO	Listening on 127.0.0.1:56090
1652904475122	mozrunner::runner	INFO	Running command: "C:\\Program Files\\Mozilla Firefox\\firefox.exe" "--marionette" "--remote-debugging-port" "56091" "--remote-allow-hosts" "localhost" "-no-remote" "-profile" "C:\\Users\\jovan\\AppData\\Local\\Temp\\rust_mozprofilezmO2kE"
1652904475432	Marionette	INFO	Marionette enabled
console.warn: SearchSettings: "get: No settings file exists, new profile?" (new NotFoundError("Could not open the file at C:\\Users\\jovan\\AppData\\Local\\Temp\\rust_mozprofilezmO2kE\\search.json.mozlz4", (void 0)))
DevTools listening on ws://localhost:56091/devtools/browser/03a7b033-da9b-4d45-8007-50a15da2adb4
1652904477686	Marionette	INFO	Listening on port 56113
Read port: 56113
1652904477789	RemoteAgent	WARN	TLS certificate errors will be ignored for this session
1652904479018	Marionette	INFO	Stopped listening on port 56113

###!!! [Parent][PGPUParent] Error: RunMessage(msgname=PGPU::Msg_ShutdownVR) Channel closing: too late to send/recv, messages will be lost

1652904498714	geckodriver	INFO	Listening on 127.0.0.1:56139
1652904501779	mozrunner::runner	INFO	Running command: "C:\\Program Files\\Mozilla Firefox\\firefox.exe" "--marionette" "--remote-debugging-port" "56140" "--remote-allow-hosts" "localhost" "-no-remote" "-profile" "C:\\Users\\jovan\\AppData\\Local\\Temp\\rust_mozprofileYsSvQQ"
1652904502086	Marionette	INFO	Marionette enabled
console.warn: SearchSettings: "get: No settings file exists, new profile?" (new NotFoundError("Could not open the file at C:\\Users\\jovan\\AppData\\Local\\Temp\\rust_mozprofileYsSvQQ\\search.json.mozlz4", (void 0)))
DevTools listening on ws://localhost:56140/devtools/browser/87ced503-dc7b-4444-ae2d-b3154791bed8
1652904504247	Marionette	INFO	Listening on port 56161
Read port: 56161
1652904504295	RemoteAgent	WARN	TLS certificate errors will be ignored for this session
1652904506387	Marionette	INFO	Stopped listening on port 56161
[Parent 8760, IPC I/O Parent] WARNING: file /builds/worker/checkouts/gecko/ipc/chromium/src/base/process_util_win.cc:167
1652905533723	geckodriver	INFO	Listening on 127.0.0.1:56264
1652905536781	mozrunner::runner	INFO	Running command: "C:\\Program Files\\Mozilla Firefox\\firefox.exe" "--marionette" "--remote-debugging-port" "56265" "--remote-allow-hosts" "localhost" "-no-remote" "-profile" "C:\\Users\\jovan\\AppData\\Local\\Temp\\rust_mozprofileFkl4e8"
1652905537095	Marionette	INFO	Marionette enabled
console.warn: SearchSettings: "get: No settings file exists, new profile?" (new NotFoundError("Could not open the file at C:\\Users\\jovan\\AppData\\Local\\Temp\\rust_mozprofileFkl4e8\\search.json.mozlz4", (void 0)))
DevTools listening on ws://localhost:56265/devtools/browser/c85e05c7-75aa-41f2-82e5-fa886fa36c25
1652905539356	Marionette	INFO	Listening on port 56286
Read port: 56286
1652905539470	RemoteAgent	WARN	TLS certificate errors will be ignored for this session
1652905559542	Marionette	INFO	Stopped listening on port 56286
console.warn: TopSitesFeed: Failed to fetch data from Contile server: NetworkError when attempting to fetch resource.

###!!! [Parent][PGPUParent] Error: RunMessage(msgname=PGPU::Msg_ShutdownVR) Channel closing: too late to send/recv, messages will be lost

1652905614628	geckodriver	INFO	Listening on 127.0.0.1:56329
1652905617701	mozrunner::runner	INFO	Running command: "C:\\Program Files\\Mozilla Firefox\\firefox.exe" "--marionette" "--remote-debugging-port" "56330" "--remote-allow-hosts" "localhost" "-no-remote" "-profile" "C:\\Users\\jovan\\AppData\\Local\\Temp\\rust_mozprofileRQF654"
1652905618016	Marionette	INFO	Marionette enabled
console.warn: SearchSettings: "get: No settings file exists, new profile?" (new NotFoundError("Could not open the file at C:\\Users\\jovan\\AppData\\Local\\Temp\\rust_mozprofileRQF654\\search.json.mozlz4", (void 0)))
DevTools listening on ws://localhost:56330/devtools/browser/ab125835-e108-44bf-877d-be7fc1a539ae
1652905620293	Marionette	INFO	Listening on port 56354
Read port: 56354
1652905620343	RemoteAgent	WARN	TLS certificate errors will be ignored for this session
1652905622178	Marionette	INFO	Stopped listening on port 56354
[Parent 14744, IPC I/O Parent] WARNING: file /builds/worker/checkouts/gecko/ipc/chromium/src/base/process_util_win.cc:167
1652906891315	geckodriver	INFO	Listening on 127.0.0.1:56540
1652906894360	mozrunner::runner	INFO	Running command: "C:\\Program Files\\Mozilla Firefox\\firefox.exe" "--marionette" "--remote-debugging-port" "56541" "--remote-allow-hosts" "localhost" "-no-remote" "-profile" "C:\\Users\\jovan\\AppData\\Local\\Temp\\rust_mozprofileu2uWIM"
1652906894679	Marionette	INFO	Marionette enabled
console.warn: SearchSettings: "get: No settings file exists, new profile?" (new NotFoundError("Could not open the file at C:\\Users\\jovan\\AppData\\Local\\Temp\\rust_mozprofileu2uWIM\\search.json.mozlz4", (void 0)))
DevTools listening on ws://localhost:56541/devtools/browser/2e4f5722-dd22-412c-8c0d-3435f50d9318
1652906896951	Marionette	INFO	Listening on port 56563
Read port: 56563
1652906897078	RemoteAgent	WARN	TLS certificate errors will be ignored for this session
1652907062125	Marionette	INFO	Stopped listening on port 56563
console.warn: TopSitesFeed: Failed to fetch data from Contile server: NetworkError when attempting to fetch resource.

###!!! [Parent][PGPUParent] Error: RunMessage(msgname=PGPU::Msg_ShutdownVR) Channel closing: too late to send/recv, messages will be lost

[Parent 9036, IPC I/O Parent] WARNING: file /builds/worker/checkouts/gecko/ipc/chromium/src/base/process_util_win.cc:167
1652907066632	geckodriver	INFO	Listening on 127.0.0.1:56609
1652907069669	mozrunner::runner	INFO	Running command: "C:\\Program Files\\Mozilla Firefox\\firefox.exe" "--marionette" "--remote-debugging-port" "56610" "--remote-allow-hosts" "localhost" "-no-remote" "-profile" "C:\\Users\\jovan\\AppData\\Local\\Temp\\rust_mozprofileqTU0mM"
1652907070000	Marionette	INFO	Marionette enabled
console.warn: SearchSettings: "get: No settings file exists, new profile?" (new NotFoundError("Could not open the file at C:\\Users\\jovan\\AppData\\Local\\Temp\\rust_mozprofileqTU0mM\\search.json.mozlz4", (void 0)))
DevTools listening on ws://localhost:56610/devtools/browser/4524b7b1-f136-41d8-9bcb-ec376bdfb5c6
1652907072062	Marionette	INFO	Listening on port 56631
Read port: 56631
1652907072147	RemoteAgent	WARN	TLS certificate errors will be ignored for this session
1652907075502	Marionette	INFO	Stopped listening on port 56631

###!!! [Parent][PGPUParent] Error: RunMessage(msgname=PGPU::Msg_ShutdownVR) Channel closing: too late to send/recv, messages will be lost

[Parent 13096, IPC I/O Parent] WARNING: file /builds/worker/checkouts/gecko/ipc/chromium/src/base/process_util_win.cc:167
1652908752672	geckodriver	INFO	Listening on 127.0.0.1:56775
1652908755731	mozrunner::runner	INFO	Running command: "C:\\Program Files\\Mozilla Firefox\\firefox.exe" "--marionette" "--remote-debugging-port" "56776" "--remote-allow-hosts" "localhost" "-no-remote" "-profile" "C:\\Users\\jovan\\AppData\\Local\\Temp\\rust_mozprofiledInTYB"
1652908756042	Marionette	INFO	Marionette enabled
console.warn: SearchSettings: "get: No settings file exists, new profile?" (new NotFoundError("Could not open the file at C:\\Users\\jovan\\AppData\\Local\\Temp\\rust_mozprofiledInTYB\\search.json.mozlz4", (void 0)))
DevTools listening on ws://localhost:56776/devtools/browser/fef230f9-4b78-4e1b-93bf-a4d4f00d68b3
1652908758275	Marionette	INFO	Listening on port 56800
Read port: 56800
1652908758418	RemoteAgent	WARN	TLS certificate errors will be ignored for this session
1652908761509	Marionette	INFO	Stopped listening on port 56800
[Parent 10388, IPC I/O Parent] WARNING: file /builds/worker/checkouts/gecko/ipc/chromium/src/base/process_util_win.cc:167
1652909069349	geckodriver	INFO	Listening on 127.0.0.1:56852
1652909072420	mozrunner::runner	INFO	Running command: "C:\\Program Files\\Mozilla Firefox\\firefox.exe" "--marionette" "--remote-debugging-port" "56853" "--remote-allow-hosts" "localhost" "-no-remote" "-profile" "C:\\Users\\jovan\\AppData\\Local\\Temp\\rust_mozprofileJejEnN"
1652909072757	Marionette	INFO	Marionette enabled
console.warn: SearchSettings: "get: No settings file exists, new profile?" (new NotFoundError("Could not open the file at C:\\Users\\jovan\\AppData\\Local\\Temp\\rust_mozprofileJejEnN\\search.json.mozlz4", (void 0)))
DevTools listening on ws://localhost:56853/devtools/browser/6764a889-45fb-4a5c-aa26-2eabc381119f
1652909074978	Marionette	INFO	Listening on port 56878
Read port: 56878
1652909075056	RemoteAgent	WARN	TLS certificate errors will be ignored for this session
1652909076188	Marionette	INFO	Stopped listening on port 56878
[Parent 3768, IPC I/O Parent] WARNING: file /builds/worker/checkouts/gecko/ipc/chromium/src/base/process_util_win.cc:167
1652909101312	geckodriver	INFO	Listening on 127.0.0.1:56904
1652909104371	mozrunner::runner	INFO	Running command: "C:\\Program Files\\Mozilla Firefox\\firefox.exe" "--marionette" "--remote-debugging-port" "56905" "--remote-allow-hosts" "localhost" "-no-remote" "-profile" "C:\\Users\\jovan\\AppData\\Local\\Temp\\rust_mozprofilelIF5UN"
1652909104676	Marionette	INFO	Marionette enabled
console.warn: SearchSettings: "get: No settings file exists, new profile?" (new NotFoundError("Could not open the file at C:\\Users\\jovan\\AppData\\Local\\Temp\\rust_mozprofilelIF5UN\\search.json.mozlz4", (void 0)))
DevTools listening on ws://localhost:56905/devtools/browser/d877a788-e97d-48f3-b54c-4e356f76476a
1652909106825	Marionette	INFO	Listening on port 56927
Read port: 56927
1652909106896	RemoteAgent	WARN	TLS certificate errors will be ignored for this session
1652909108017	Marionette	INFO	Stopped listening on port 56927

###!!! [Parent][PGPUParent] Error: RunMessage(msgname=PGPU::Msg_ShutdownVR) Channel closing: too late to send/recv, messages will be lost

[Parent 3192, IPC I/O Parent] WARNING: file /builds/worker/checkouts/gecko/ipc/chromium/src/base/process_util_win.cc:167
1652957982668	geckodriver	INFO	Listening on 127.0.0.1:57084
1652957985741	mozrunner::runner	INFO	Running command: "C:\\Program Files\\Mozilla Firefox\\firefox.exe" "--marionette" "--remote-debugging-port" "57085" "--remote-allow-hosts" "localhost" "-no-remote" "-profile" "C:\\Users\\jovan\\AppData\\Local\\Temp\\rust_mozprofilezXz8vc"
1652957986233	Marionette	INFO	Marionette enabled
console.warn: SearchSettings: "get: No settings file exists, new profile?" (new NotFoundError("Could not open the file at C:\\Users\\jovan\\AppData\\Local\\Temp\\rust_mozprofilezXz8vc\\search.json.mozlz4", (void 0)))
DevTools listening on ws://localhost:57085/devtools/browser/f8678be4-2e9e-4755-aea9-3f2802a68ccb
1652957989014	Marionette	INFO	Listening on port 57107
Read port: 57107
1652957989139	RemoteAgent	WARN	TLS certificate errors will be ignored for this session
1652957992763	Marionette	INFO	Stopped listening on port 57107

###!!! [Parent][PGPUParent] Error: RunMessage(msgname=PGPU::Msg_ShutdownVR) Channel closing: too late to send/recv, messages will be lost

[Parent 14860, IPC I/O Parent] WARNING: file /builds/worker/checkouts/gecko/ipc/chromium/src/base/process_util_win.cc:167
1652958948698	geckodriver	INFO	Listening on 127.0.0.1:57304
1652958951753	mozrunner::runner	INFO	Running command: "C:\\Program Files\\Mozilla Firefox\\firefox.exe" "--marionette" "--remote-debugging-port" "57305" "--remote-allow-hosts" "localhost" "-no-remote" "-profile" "C:\\Users\\jovan\\AppData\\Local\\Temp\\rust_mozprofile1RGu1s"
1652958952064	Marionette	INFO	Marionette enabled
console.warn: SearchSettings: "get: No settings file exists, new profile?" (new NotFoundError("Could not open the file at C:\\Users\\jovan\\AppData\\Local\\Temp\\rust_mozprofile1RGu1s\\search.json.mozlz4", (void 0)))
DevTools listening on ws://localhost:57305/devtools/browser/626b8d61-9731-4384-ae87-37d0795541ae
1652958954023	Marionette	INFO	Listening on port 57327
Read port: 57327
1652958954090	RemoteAgent	WARN	TLS certificate errors will be ignored for this session
1652958955474	Marionette	INFO	Stopped listening on port 57327

###!!! [Parent][PGPUParent] Error: RunMessage(msgname=PGPU::Msg_ShutdownVR) Channel closing: too late to send/recv, messages will be lost

1652958980228	geckodriver	INFO	Listening on 127.0.0.1:57352
1652958983304	mozrunner::runner	INFO	Running command: "C:\\Program Files\\Mozilla Firefox\\firefox.exe" "--marionette" "--remote-debugging-port" "57353" "--remote-allow-hosts" "localhost" "-no-remote" "-profile" "C:\\Users\\jovan\\AppData\\Local\\Temp\\rust_mozprofileC7w3Au"
1652958983619	Marionette	INFO	Marionette enabled
console.warn: SearchSettings: "get: No settings file exists, new profile?" (new NotFoundError("Could not open the file at C:\\Users\\jovan\\AppData\\Local\\Temp\\rust_mozprofileC7w3Au\\search.json.mozlz4", (void 0)))
DevTools listening on ws://localhost:57353/devtools/browser/1b546e1d-8e16-496f-80ea-9d3262ddb2b5
1652958985518	Marionette	INFO	Listening on port 57376
Read port: 57376
1652958985668	RemoteAgent	WARN	TLS certificate errors will be ignored for this session
1652958986767	Marionette	INFO	Stopped listening on port 57376

###!!! [Parent][PGPUParent] Error: RunMessage(msgname=PGPU::Msg_ShutdownVR) Channel closing: too late to send/recv, messages will be lost

[Parent 9712, IPC I/O Parent] WARNING: file /builds/worker/checkouts/gecko/ipc/chromium/src/base/process_util_win.cc:167
1652959185760	geckodriver	INFO	Listening on 127.0.0.1:57415
1652959188806	mozrunner::runner	INFO	Running command: "C:\\Program Files\\Mozilla Firefox\\firefox.exe" "--marionette" "--remote-debugging-port" "57416" "--remote-allow-hosts" "localhost" "-no-remote" "-profile" "C:\\Users\\jovan\\AppData\\Local\\Temp\\rust_mozprofilexfSdVr"
1652959189120	Marionette	INFO	Marionette enabled
console.warn: SearchSettings: "get: No settings file exists, new profile?" (new NotFoundError("Could not open the file at C:\\Users\\jovan\\AppData\\Local\\Temp\\rust_mozprofilexfSdVr\\search.json.mozlz4", (void 0)))
DevTools listening on ws://localhost:57416/devtools/browser/37eda7dc-ea36-4082-ad70-dee9eb8766af
1652959191335	Marionette	INFO	Listening on port 57438
Read port: 57438
1652959191431	RemoteAgent	WARN	TLS certificate errors will be ignored for this session
1652959193298	Marionette	INFO	Stopped listening on port 57438

###!!! [Parent][PGPUParent] Error: RunMessage(msgname=PGPU::Msg_ShutdownVR) Channel closing: too late to send/recv, messages will be lost

[Parent 8696, IPC I/O Parent] WARNING: file /builds/worker/checkouts/gecko/ipc/chromium/src/base/process_util_win.cc:167
1652959216591	geckodriver	INFO	Listening on 127.0.0.1:57466
1652959219659	mozrunner::runner	INFO	Running command: "C:\\Program Files\\Mozilla Firefox\\firefox.exe" "--marionette" "--remote-debugging-port" "57467" "--remote-allow-hosts" "localhost" "-no-remote" "-profile" "C:\\Users\\jovan\\AppData\\Local\\Temp\\rust_mozprofileMvv3Q0"
1652959219971	Marionette	INFO	Marionette enabled
console.warn: SearchSettings: "get: No settings file exists, new profile?" (new NotFoundError("Could not open the file at C:\\Users\\jovan\\AppData\\Local\\Temp\\rust_mozprofileMvv3Q0\\search.json.mozlz4", (void 0)))
DevTools listening on ws://localhost:57467/devtools/browser/640a394a-19a7-4836-8451-b04aa9d4056b
1652959222222	Marionette	INFO	Listening on port 57489
Read port: 57489
1652959222241	RemoteAgent	WARN	TLS certificate errors will be ignored for this session
1652959225956	Marionette	INFO	Stopped listening on port 57489

###!!! [Parent][PGPUParent] Error: RunMessage(msgname=PGPU::Msg_ShutdownVR) Channel closing: too late to send/recv, messages will be lost

[Parent 12680, IPC I/O Parent] WARNING: file /builds/worker/checkouts/gecko/ipc/chromium/src/base/process_util_win.cc:167
1652959904860	geckodriver	INFO	Listening on 127.0.0.1:57666
1652959907922	mozrunner::runner	INFO	Running command: "C:\\Program Files\\Mozilla Firefox\\firefox.exe" "--marionette" "--remote-debugging-port" "57667" "--remote-allow-hosts" "localhost" "-no-remote" "-profile" "C:\\Users\\jovan\\AppData\\Local\\Temp\\rust_mozprofileqccxhR"
1652959908256	Marionette	INFO	Marionette enabled
console.warn: SearchSettings: "get: No settings file exists, new profile?" (new NotFoundError("Could not open the file at C:\\Users\\jovan\\AppData\\Local\\Temp\\rust_mozprofileqccxhR\\search.json.mozlz4", (void 0)))
DevTools listening on ws://localhost:57667/devtools/browser/5c9be62d-173d-49ac-afd7-5a6e68d6da13
1652959910493	Marionette	INFO	Listening on port 57689
Read port: 57689
1652959910606	RemoteAgent	WARN	TLS certificate errors will be ignored for this session
1652959914019	Marionette	INFO	Stopped listening on port 57689

###!!! [Child][PContentChild] Error: RunMessage(msgname=PHttpChannel::Msg_DeleteSelf) Channel closing: too late to send/recv, messages will be lost


###!!! [Parent][PGPUParent] Error: RunMessage(msgname=PGPU::Msg_ShutdownVR) Channel closing: too late to send/recv, messages will be lost

1652960946155	geckodriver	INFO	Listening on 127.0.0.1:57839
1652960949190	mozrunner::runner	INFO	Running command: "C:\\Program Files\\Mozilla Firefox\\firefox.exe" "--marionette" "--remote-debugging-port" "57840" "--remote-allow-hosts" "localhost" "-no-remote" "-profile" "C:\\Users\\jovan\\AppData\\Local\\Temp\\rust_mozprofile2v7uIz"
1652960949512	Marionette	INFO	Marionette enabled
console.warn: SearchSettings: "get: No settings file exists, new profile?" (new NotFoundError("Could not open the file at C:\\Users\\jovan\\AppData\\Local\\Temp\\rust_mozprofile2v7uIz\\search.json.mozlz4", (void 0)))
DevTools listening on ws://localhost:57840/devtools/browser/d7be4706-227f-485e-9667-bbff65a71f71
1652960951722	Marionette	INFO	Listening on port 57864
Read port: 57864
1652960951780	RemoteAgent	WARN	TLS certificate errors will be ignored for this session
1652960955192	Marionette	INFO	Stopped listening on port 57864

###!!! [Parent][PGPUParent] Error: RunMessage(msgname=PGPU::Msg_ShutdownVR) Channel closing: too late to send/recv, messages will be lost

[Parent 13188, IPC I/O Parent] WARNING: file /builds/worker/checkouts/gecko/ipc/chromium/src/base/process_util_win.cc:167
1652960969787	geckodriver	INFO	Listening on 127.0.0.1:57901
1652960972837	mozrunner::runner	INFO	Running command: "C:\\Program Files\\Mozilla Firefox\\firefox.exe" "--marionette" "--remote-debugging-port" "57902" "--remote-allow-hosts" "localhost" "-no-remote" "-profile" "C:\\Users\\jovan\\AppData\\Local\\Temp\\rust_mozprofileTZx6CW"
1652960973139	Marionette	INFO	Marionette enabled
console.warn: SearchSettings: "get: No settings file exists, new profile?" (new NotFoundError("Could not open the file at C:\\Users\\jovan\\AppData\\Local\\Temp\\rust_mozprofileTZx6CW\\search.json.mozlz4", (void 0)))
DevTools listening on ws://localhost:57902/devtools/browser/75b77c15-d8de-4427-8edc-0cd860c7086c
1652960975306	Marionette	INFO	Listening on port 57924
Read port: 57924
1652960975379	RemoteAgent	WARN	TLS certificate errors will be ignored for this session
1652960978576	Marionette	INFO	Stopped listening on port 57924

###!!! [Parent][PGPUParent] Error: RunMessage(msgname=PGPU::Msg_ShutdownVR) Channel closing: too late to send/recv, messages will be lost

[Parent 10068, IPC I/O Parent] WARNING: file /builds/worker/checkouts/gecko/ipc/chromium/src/base/process_util_win.cc:167
1652986505796	geckodriver	INFO	Listening on 127.0.0.1:58324
1652986508863	mozrunner::runner	INFO	Running command: "C:\\Program Files\\Mozilla Firefox\\firefox.exe" "--marionette" "--remote-debugging-port" "58325" "--remote-allow-hosts" "localhost" "-no-remote" "-profile" "C:\\Users\\jovan\\AppData\\Local\\Temp\\rust_mozprofileLqAm4P"
1652986509291	Marionette	INFO	Marionette enabled
console.warn: SearchSettings: "get: No settings file exists, new profile?" (new NotFoundError("Could not open the file at C:\\Users\\jovan\\AppData\\Local\\Temp\\rust_mozprofileLqAm4P\\search.json.mozlz4", (void 0)))
DevTools listening on ws://localhost:58325/devtools/browser/a339f06d-1969-43a5-ab9f-ada74a49579f
1652986511676	Marionette	INFO	Listening on port 58349
Read port: 58349
1652986511761	RemoteAgent	WARN	TLS certificate errors will be ignored for this session
1652986515896	Marionette	INFO	Stopped listening on port 58349
1652986536320	geckodriver	INFO	Listening on 127.0.0.1:58388
1652986539383	mozrunner::runner	INFO	Running command: "C:\\Program Files\\Mozilla Firefox\\firefox.exe" "--marionette" "--remote-debugging-port" "58389" "--remote-allow-hosts" "localhost" "-no-remote" "-profile" "C:\\Users\\jovan\\AppData\\Local\\Temp\\rust_mozprofilemoy76P"
1652986539690	Marionette	INFO	Marionette enabled
console.warn: SearchSettings: "get: No settings file exists, new profile?" (new NotFoundError("Could not open the file at C:\\Users\\jovan\\AppData\\Local\\Temp\\rust_mozprofilemoy76P\\search.json.mozlz4", (void 0)))
DevTools listening on ws://localhost:58389/devtools/browser/d3d9edf6-0f9e-4eff-947e-8c51d06e7fb8
1652986541941	Marionette	INFO	Listening on port 58411
Read port: 58411
1652986542064	RemoteAgent	WARN	TLS certificate errors will be ignored for this session
1652986546292	Marionette	INFO	Stopped listening on port 58411

###!!! [Parent][PGPUParent] Error: RunMessage(msgname=PGPU::Msg_ShutdownVR) Channel closing: too late to send/recv, messages will be lost

1652986614921	geckodriver	INFO	Listening on 127.0.0.1:58453
1652986617970	mozrunner::runner	INFO	Running command: "C:\\Program Files\\Mozilla Firefox\\firefox.exe" "--marionette" "--remote-debugging-port" "58454" "--remote-allow-hosts" "localhost" "-no-remote" "-profile" "C:\\Users\\jovan\\AppData\\Local\\Temp\\rust_mozprofile7XI1Wu"
1652986618281	Marionette	INFO	Marionette enabled
console.warn: SearchSettings: "get: No settings file exists, new profile?" (new NotFoundError("Could not open the file at C:\\Users\\jovan\\AppData\\Local\\Temp\\rust_mozprofile7XI1Wu\\search.json.mozlz4", (void 0)))
DevTools listening on ws://localhost:58454/devtools/browser/1120ba42-b886-4498-94cb-96f9ce912f87
1652986620507	Marionette	INFO	Listening on port 58474
Read port: 58474
1652986620612	RemoteAgent	WARN	TLS certificate errors will be ignored for this session
1652986624935	Marionette	INFO	Stopped listening on port 58474

###!!! [Child][PContentChild] Error: RunMessage(msgname=PHttpChannel::Msg_DeleteSelf) Channel closing: too late to send/recv, messages will be lost


###!!! [Parent][PGPUParent] Error: RunMessage(msgname=PGPU::Msg_ShutdownVR) Channel closing: too late to send/recv, messages will be lost

1652986645849	geckodriver	INFO	Listening on 127.0.0.1:58514
1652986648922	mozrunner::runner	INFO	Running command: "C:\\Program Files\\Mozilla Firefox\\firefox.exe" "--marionette" "--remote-debugging-port" "58515" "--remote-allow-hosts" "localhost" "-no-remote" "-profile" "C:\\Users\\jovan\\AppData\\Local\\Temp\\rust_mozprofilepXfTEa"
1652986649306	Marionette	INFO	Marionette enabled
console.warn: SearchSettings: "get: No settings file exists, new profile?" (new NotFoundError("Could not open the file at C:\\Users\\jovan\\AppData\\Local\\Temp\\rust_mozprofilepXfTEa\\search.json.mozlz4", (void 0)))
DevTools listening on ws://localhost:58515/devtools/browser/e9bfd74e-3176-4f20-a9e3-4fe31e596d42
1652986651887	Marionette	INFO	Listening on port 58541
Read port: 58541
1652986651964	RemoteAgent	WARN	TLS certificate errors will be ignored for this session
1652986656603	Marionette	INFO	Stopped listening on port 58541

###!!! [Parent][PGPUParent] Error: RunMessage(msgname=PGPU::Msg_ShutdownVR) Channel closing: too late to send/recv, messages will be lost

1652986726357	geckodriver	INFO	Listening on 127.0.0.1:58591
1652986729397	mozrunner::runner	INFO	Running command: "C:\\Program Files\\Mozilla Firefox\\firefox.exe" "--marionette" "--remote-debugging-port" "58592" "--remote-allow-hosts" "localhost" "-no-remote" "-profile" "C:\\Users\\jovan\\AppData\\Local\\Temp\\rust_mozprofileRcctVh"
1652986729706	Marionette	INFO	Marionette enabled
console.warn: SearchSettings: "get: No settings file exists, new profile?" (new NotFoundError("Could not open the file at C:\\Users\\jovan\\AppData\\Local\\Temp\\rust_mozprofileRcctVh\\search.json.mozlz4", (void 0)))
DevTools listening on ws://localhost:58592/devtools/browser/f067d2ea-e693-4f3a-af92-dcebbb848d8a
1652986731920	Marionette	INFO	Listening on port 58615
Read port: 58615
1652986731969	RemoteAgent	WARN	TLS certificate errors will be ignored for this session
1652986735092	Marionette	INFO	Stopped listening on port 58615

###!!! [Parent][PGPUParent] Error: RunMessage(msgname=PGPU::Msg_ShutdownVR) Channel closing: too late to send/recv, messages will be lost

1652986749864	geckodriver	INFO	Listening on 127.0.0.1:58653
1652986752904	mozrunner::runner	INFO	Running command: "C:\\Program Files\\Mozilla Firefox\\firefox.exe" "--marionette" "--remote-debugging-port" "58654" "--remote-allow-hosts" "localhost" "-no-remote" "-profile" "C:\\Users\\jovan\\AppData\\Local\\Temp\\rust_mozprofileSywiij"
1652986753208	Marionette	INFO	Marionette enabled
console.warn: SearchSettings: "get: No settings file exists, new profile?" (new NotFoundError("Could not open the file at C:\\Users\\jovan\\AppData\\Local\\Temp\\rust_mozprofileSywiij\\search.json.mozlz4", (void 0)))
DevTools listening on ws://localhost:58654/devtools/browser/4c7b9063-116a-41e4-90f5-e8a3580ec4f1
1652986755263	Marionette	INFO	Listening on port 58677
Read port: 58677
1652986755308	RemoteAgent	WARN	TLS certificate errors will be ignored for this session
1652986758287	Marionette	INFO	Stopped listening on port 58677

###!!! [Parent][PGPUParent] Error: RunMessage(msgname=PGPU::Msg_ShutdownVR) Channel closing: too late to send/recv, messages will be lost

[Parent 5900, IPC I/O Parent] WARNING: file /builds/worker/checkouts/gecko/ipc/chromium/src/base/process_util_win.cc:167
1653078587845	geckodriver	INFO	Listening on 127.0.0.1:60385
1653078590902	mozrunner::runner	INFO	Running command: "C:\\Program Files\\Mozilla Firefox\\firefox.exe" "--marionette" "--remote-debugging-port" "60386" "--remote-allow-hosts" "localhost" "-no-remote" "-profile" "C:\\Users\\jovan\\AppData\\Local\\Temp\\rust_mozprofileztHePu"
1653078591234	Marionette	INFO	Marionette enabled
console.warn: SearchSettings: "get: No settings file exists, new profile?" (new NotFoundError("Could not open the file at C:\\Users\\jovan\\AppData\\Local\\Temp\\rust_mozprofileztHePu\\search.json.mozlz4", (void 0)))
DevTools listening on ws://localhost:60386/devtools/browser/d98a3bb0-a40d-421b-81fe-e29daebd8a31
1653078593515	Marionette	INFO	Listening on port 60408
Read port: 60408
1653078593567	RemoteAgent	WARN	TLS certificate errors will be ignored for this session
1653078595689	Marionette	INFO	Stopped listening on port 60408
JavaScript error: resource://gre/actors/ContentMetaChild.jsm, line 179: InvalidStateError: JSWindowActorChild.sendAsyncMessage: JSWindowActorChild cannot send at the moment

###!!! [Parent][PGPUParent] Error: RunMessage(msgname=PGPU::Msg_ShutdownVR) Channel closing: too late to send/recv, messages will be lost

[Parent 7052, IPC I/O Parent] WARNING: file /builds/worker/checkouts/gecko/ipc/chromium/src/base/process_util_win.cc:167
1653078906937	geckodriver	INFO	Listening on 127.0.0.1:60465
1653078910010	mozrunner::runner	INFO	Running command: "C:\\Program Files\\Mozilla Firefox\\firefox.exe" "--marionette" "--remote-debugging-port" "60466" "--remote-allow-hosts" "localhost" "-no-remote" "-profile" "C:\\Users\\jovan\\AppData\\Local\\Temp\\rust_mozprofileo1VvY6"
1653078910332	Marionette	INFO	Marionette enabled
console.warn: SearchSettings: "get: No settings file exists, new profile?" (new NotFoundError("Could not open the file at C:\\Users\\jovan\\AppData\\Local\\Temp\\rust_mozprofileo1VvY6\\search.json.mozlz4", (void 0)))
DevTools listening on ws://localhost:60466/devtools/browser/2c74a64f-e352-48f0-a941-b1295cd8ec27
1653078912631	Marionette	INFO	Listening on port 60490
Read port: 60490
1653078912739	RemoteAgent	WARN	TLS certificate errors will be ignored for this session
1653078914678	Marionette	INFO	Stopped listening on port 60490

###!!! [Parent][PGPUParent] Error: RunMessage(msgname=PGPU::Msg_ShutdownVR) Channel closing: too late to send/recv, messages will be lost

1653078929341	geckodriver	INFO	Listening on 127.0.0.1:60523
1653078932379	mozrunner::runner	INFO	Running command: "C:\\Program Files\\Mozilla Firefox\\firefox.exe" "--marionette" "--remote-debugging-port" "60524" "--remote-allow-hosts" "localhost" "-no-remote" "-profile" "C:\\Users\\jovan\\AppData\\Local\\Temp\\rust_mozprofileNchXv0"
1653078932694	Marionette	INFO	Marionette enabled
console.warn: SearchSettings: "get: No settings file exists, new profile?" (new NotFoundError("Could not open the file at C:\\Users\\jovan\\AppData\\Local\\Temp\\rust_mozprofileNchXv0\\search.json.mozlz4", (void 0)))
DevTools listening on ws://localhost:60524/devtools/browser/6ddaf0ca-1d79-4d02-b2da-2548edf5713e
1653078934822	Marionette	INFO	Listening on port 60547
Read port: 60547
1653078934929	RemoteAgent	WARN	TLS certificate errors will be ignored for this session
1653078937091	Marionette	INFO	Stopped listening on port 60547
1653127133301	geckodriver	INFO	Listening on 127.0.0.1:62180
1653127136376	mozrunner::runner	INFO	Running command: "C:\\Program Files\\Mozilla Firefox\\firefox.exe" "--marionette" "--remote-debugging-port" "62181" "--remote-allow-hosts" "localhost" "-no-remote" "-profile" "C:\\Users\\jovan\\AppData\\Local\\Temp\\rust_mozprofilervVqTC"
1653127136739	Marionette	INFO	Marionette enabled
console.warn: SearchSettings: "get: No settings file exists, new profile?" (new NotFoundError("Could not open the file at C:\\Users\\jovan\\AppData\\Local\\Temp\\rust_mozprofilervVqTC\\search.json.mozlz4", (void 0)))
DevTools listening on ws://localhost:62181/devtools/browser/89f152ba-c879-48a5-91ee-a350f0e8fad7
1653127139050	Marionette	INFO	Listening on port 62203
Read port: 62203
1653127139117	RemoteAgent	WARN	TLS certificate errors will be ignored for this session
1653127143314	Marionette	INFO	Stopped listening on port 62203

###!!! [Parent][PGPUParent] Error: RunMessage(msgname=PGPU::Msg_ShutdownVR) Channel closing: too late to send/recv, messages will be lost

[Parent 12900, IPC I/O Parent] WARNING: file /builds/worker/checkouts/gecko/ipc/chromium/src/base/process_util_win.cc:167
